2026-04-13 22:20:06 [main] INFO  baseTest.BaseClass - ====== Test Started ======
2026-04-13 22:20:06 [main] INFO  baseTest.BaseClass - Setting up EdgeDriver...
2026-04-13 22:20:25 [main] INFO  baseTest.BaseClass - Browser launched and maximized successfully
2026-04-13 22:20:28 [main] INFO  baseTest.BaseClass - Closing browser...
2026-04-13 22:20:29 [main] INFO  baseTest.BaseClass - ====== Test Ended ======
2026-04-13 22:21:20 [main] INFO  baseTest.BaseClass - ====== Test Started ======
2026-04-13 22:21:20 [main] INFO  baseTest.BaseClass - Setting up EdgeDriver...
2026-04-13 22:21:29 [main] INFO  baseTest.BaseClass - Browser launched and maximized successfully
2026-04-13 22:21:32 [main] INFO  baseTest.BaseClass - Closing browser...
2026-04-13 22:21:33 [main] INFO  baseTest.BaseClass - ====== Test Ended ======
2026-04-13 22:27:03 [main] INFO  baseTest.BaseClass - ====== Test Started ======
2026-04-13 22:27:03 [main] INFO  baseTest.BaseClass - Setting up EdgeDriver...
2026-04-13 22:27:11 [main] INFO  baseTest.BaseClass - Browser launched and maximized successfully
2026-04-13 22:31:24 [main] INFO  baseTest.BaseClass - ====== Test Started ======
2026-04-13 22:31:24 [main] INFO  baseTest.BaseClass - Setting up EdgeDriver...
2026-04-13 22:31:30 [main] INFO  baseTest.BaseClass - Browser launched and maximized successfully
2026-04-13 22:37:52 [main] INFO  baseTest.BaseClass - ====== Test Started ======
2026-04-13 22:37:52 [main] INFO  baseTest.BaseClass - Setting up EdgeDriver...
2026-04-13 22:38:01 [main] INFO  baseTest.BaseClass - Browser launched and maximized successfully
2026-04-13 22:40:51 [main] INFO  baseTest.BaseClass - ====== Test Started ======
2026-04-13 22:40:51 [main] INFO  baseTest.BaseClass - Setting up EdgeDriver...
2026-04-13 22:40:59 [main] INFO  baseTest.BaseClass - Browser launched and maximized successfully
2026-04-13 22:43:41 [main] INFO  baseTest.BaseClass - ====== Test Started ======
2026-04-13 22:43:41 [main] INFO  baseTest.BaseClass - Setting up EdgeDriver...
2026-04-13 22:43:50 [main] INFO  baseTest.BaseClass - Browser launched and maximized successfully
2026-04-13 22:46:15 [main] INFO  baseTest.BaseClass - ====== Test Started ======
2026-04-13 22:46:15 [main] INFO  baseTest.BaseClass - Setting up EdgeDriver...
2026-04-13 22:46:25 [main] INFO  baseTest.BaseClass - Browser launched and maximized successfully
2026-04-13 22:46:41 [main] INFO  baseTest.BaseClass - Closing browser...
2026-04-13 22:46:42 [main] INFO  baseTest.BaseClass - ====== Test Ended ======
2026-04-13 22:48:23 [main] INFO  baseTest.BaseClass - ====== Test Started ======
2026-04-13 22:48:23 [main] INFO  baseTest.BaseClass - Setting up EdgeDriver...
2026-04-13 22:48:29 [main] INFO  baseTest.BaseClass - Browser launched and maximized successfully
2026-04-13 22:48:35 [main] INFO  baseTest.BaseClass - Closing browser...
2026-04-13 22:48:35 [main] INFO  baseTest.BaseClass - ====== Test Ended ======
