2026-04-14 12:16:34 [main] INFO  baseTest.BaseClass - ====== Test Started ======
2026-04-14 12:16:34 [main] INFO  baseTest.BaseClass - Setting up EdgeDriver...
2026-04-14 12:16:40 [main] INFO  baseTest.BaseClass - Browser launched and maximized successfully
2026-04-14 12:16:44 [main] INFO  baseTest.BaseClass - Closing browser...
2026-04-14 12:16:45 [main] INFO  baseTest.BaseClass - ====== Test Ended ======
2026-04-14 12:18:20 [main] INFO  baseTest.BaseClass - ====== Test Started ======
2026-04-14 12:18:20 [main] INFO  baseTest.BaseClass - Setting up EdgeDriver...
2026-04-14 12:18:26 [main] INFO  baseTest.BaseClass - Browser launched and maximized successfully
2026-04-14 12:18:32 [main] INFO  baseTest.BaseClass - Closing browser...
2026-04-14 12:18:32 [main] INFO  baseTest.BaseClass - ====== Test Ended ======
2026-04-14 12:19:40 [main] INFO  baseTest.BaseClass - ====== Test Started ======
2026-04-14 12:19:40 [main] INFO  baseTest.BaseClass - Setting up EdgeDriver...
2026-04-14 12:19:46 [main] INFO  baseTest.BaseClass - Browser launched and maximized successfully
2026-04-14 12:19:49 [main] INFO  baseTest.BaseClass - Closing browser...
2026-04-14 12:19:49 [main] INFO  baseTest.BaseClass - ====== Test Ended ======
2026-04-14 12:22:24 [main] INFO  baseTest.BaseClass - ====== Test Started ======
2026-04-14 12:22:24 [main] INFO  baseTest.BaseClass - Setting up EdgeDriver...
2026-04-14 12:22:30 [main] INFO  baseTest.BaseClass - Browser launched and maximized successfully
2026-04-14 12:22:33 [main] INFO  baseTest.BaseClass - Closing browser...
2026-04-14 12:22:33 [main] INFO  baseTest.BaseClass - ====== Test Ended ======
2026-04-14 12:25:03 [main] INFO  baseTest.BaseClass - ====== Test Started ======
2026-04-14 12:25:03 [main] INFO  baseTest.BaseClass - Setting up EdgeDriver...
2026-04-14 12:25:09 [main] INFO  baseTest.BaseClass - Browser launched and maximized successfully
2026-04-14 12:25:18 [main] INFO  baseTest.BaseClass - Closing browser...
2026-04-14 12:25:19 [main] INFO  baseTest.BaseClass - ====== Test Ended ======
2026-04-14 12:28:05 [main] INFO  baseTest.BaseClass - ====== Test Started ======
2026-04-14 12:28:05 [main] INFO  baseTest.BaseClass - Setting up EdgeDriver...
2026-04-14 12:28:13 [main] INFO  baseTest.BaseClass - Browser launched and maximized successfully
2026-04-14 12:28:22 [main] INFO  baseTest.BaseClass - Closing browser...
2026-04-14 12:28:22 [main] INFO  baseTest.BaseClass - ====== Test Ended ======
2026-04-14 12:29:12 [main] INFO  baseTest.BaseClass - ====== Test Started ======
2026-04-14 12:29:12 [main] INFO  baseTest.BaseClass - Setting up EdgeDriver...
2026-04-14 12:29:19 [main] INFO  baseTest.BaseClass - Browser launched and maximized successfully
2026-04-14 12:29:25 [main] INFO  baseTest.BaseClass - Closing browser...
2026-04-14 12:29:26 [main] INFO  baseTest.BaseClass - ====== Test Ended ======
2026-04-14 12:30:00 [main] INFO  baseTest.BaseClass - ====== Test Started ======
2026-04-14 12:30:00 [main] INFO  baseTest.BaseClass - Setting up EdgeDriver...
2026-04-14 12:30:07 [main] INFO  baseTest.BaseClass - Browser launched and maximized successfully
2026-04-14 12:30:11 [main] INFO  baseTest.BaseClass - Closing browser...
2026-04-14 12:30:12 [main] INFO  baseTest.BaseClass - ====== Test Ended ======
2026-04-14 12:30:36 [main] INFO  baseTest.BaseClass - ====== Test Started ======
2026-04-14 12:30:36 [main] INFO  baseTest.BaseClass - Setting up EdgeDriver...
2026-04-14 12:30:43 [main] INFO  baseTest.BaseClass - Browser launched and maximized successfully
2026-04-14 12:30:50 [main] INFO  baseTest.BaseClass - Closing browser...
2026-04-14 12:30:50 [main] INFO  baseTest.BaseClass - ====== Test Ended ======
2026-04-14 12:31:29 [main] INFO  baseTest.BaseClass - ====== Test Started ======
2026-04-14 12:31:29 [main] INFO  baseTest.BaseClass - Setting up EdgeDriver...
2026-04-14 12:31:35 [main] INFO  baseTest.BaseClass - Browser launched and maximized successfully
2026-04-14 12:31:41 [main] INFO  baseTest.BaseClass - Closing browser...
2026-04-14 12:31:42 [main] INFO  baseTest.BaseClass - ====== Test Ended ======
